  ClientProxy.cpp
  DBManager.cpp
c:\users\pblan\documents\github\xarxes_practicalobby\platilla_3projects\deps64\mysql\include\cppconn\sqlstring.h(39): warning C4251: 'sql::SQLString::realStr': class 'std::basic_string<char,std::char_traits<char>,std::allocator<char>>' needs to have dll-interface to be used by clients of class 'sql::SQLString'
  c:\program files (x86)\microsoft visual studio\2017\community\vc\tools\msvc\14.13.26128\include\xstring(4273): note: see declaration of 'std::basic_string<char,std::char_traits<char>,std::allocator<char>>'
c:\users\pblan\documents\github\xarxes_practicalobby\platilla_3projects\deps64\mysql\include\cppconn\exception.h(61): warning C4251: 'sql::SQLException::sql_state': class 'std::basic_string<char,std::char_traits<char>,std::allocator<char>>' needs to have dll-interface to be used by clients of class 'sql::SQLException'
  c:\program files (x86)\microsoft visual studio\2017\community\vc\tools\msvc\14.13.26128\include\xstring(4273): note: see declaration of 'std::basic_string<char,std::char_traits<char>,std::allocator<char>>'
c:\users\pblan\documents\github\xarxes_practicalobby\platilla_3projects\deps64\mysql\include\cppconn\exception.h(145): warning C4251: 'sql::SQLUnsupportedOptionException::option': class 'std::basic_string<char,std::char_traits<char>,std::allocator<char>>' needs to have dll-interface to be used by clients of struct 'sql::SQLUnsupportedOptionException'
  c:\program files (x86)\microsoft visual studio\2017\community\vc\tools\msvc\14.13.26128\include\xstring(4273): note: see declaration of 'std::basic_string<char,std::char_traits<char>,std::allocator<char>>'
  Unknown compiler version - please run the configure tests and report the results
c:\users\pblan\documents\github\xarxes_practicalobby\platilla_3projects\deps64\mysql\include\mysql_connection.h(175): warning C4251: 'sql::mysql::MySQL_Connection::proxy': class 'boost::shared_ptr<sql::mysql::NativeAPI::NativeConnectionWrapper>' needs to have dll-interface to be used by clients of class 'sql::mysql::MySQL_Connection'
  c:\users\pblan\documents\github\xarxes_practicalobby\platilla_3projects\deps64\mysql\include\mysql_connection.h(175): note: see declaration of 'boost::shared_ptr<sql::mysql::NativeAPI::NativeConnectionWrapper>'
c:\users\pblan\documents\github\xarxes_practicalobby\platilla_3projects\deps64\mysql\include\mysql_connection.h(179): warning C4251: 'sql::mysql::MySQL_Connection::service': class 'boost::scoped_ptr<sql::mysql::MySQL_Statement>' needs to have dll-interface to be used by clients of class 'sql::mysql::MySQL_Connection'
  c:\users\pblan\documents\github\xarxes_practicalobby\platilla_3projects\deps64\mysql\include\mysql_connection.h(179): note: see declaration of 'boost::scoped_ptr<sql::mysql::MySQL_Statement>'
c:\users\pblan\documents\github\xarxes_practicalobby\platilla_3projects\deps64\mysql\include\mysql_connection.h(181): warning C4251: 'sql::mysql::MySQL_Connection::intern': class 'boost::scoped_ptr<sql::mysql::MySQL_ConnectionData>' needs to have dll-interface to be used by clients of class 'sql::mysql::MySQL_Connection'
  c:\users\pblan\documents\github\xarxes_practicalobby\platilla_3projects\deps64\mysql\include\mysql_connection.h(181): note: see declaration of 'boost::scoped_ptr<sql::mysql::MySQL_ConnectionData>'
  Game.cpp
  Unknown compiler version - please run the configure tests and report the results
c:\users\pblan\documents\github\xarxes_practicalobby\platilla_3projects\gameserver\game.cpp(7): warning C4101: 'bytesSend': unreferenced local variable
c:\users\pblan\documents\github\xarxes_practicalobby\platilla_3projects\gameserver\game.cpp(34): warning C4101: 'bytesSend': unreferenced local variable
  ServerManager.cpp
  Unknown compiler version - please run the configure tests and report the results
c:\users\pblan\documents\github\xarxes_practicalobby\platilla_3projects\gameserver\servermanager.cpp(164): warning C4101: 'bytesSend': unreferenced local variable
  Source.cpp
  Unknown compiler version - please run the configure tests and report the results
  Generating code
c:\users\pblan\documents\github\xarxes_practicalobby\platilla_3projects\gameserver\dbmanager.cpp(39): warning C4715: 'DBManager::Register': not all control paths return a value
c:\users\pblan\documents\github\xarxes_practicalobby\platilla_3projects\gameserver\dbmanager.cpp(100): warning C4715: 'DBManager::Login': not all control paths return a value
  248 of 294 functions (84.4%) were compiled, the rest were copied from previous compilation.
    44 functions were new in current compilation
    13 functions had inline decision re-evaluated but remain unchanged
  Finished generating code
  GameServer.vcxproj -> C:\Users\pblan\Documents\GitHub\Xarxes_PracticaLobby\Platilla_3Projects\x64\Release\GameServer.exe
